<?xml version="1.0" encoding="UTF-8"?>
<testng-results ignored="0" total="1" passed="1" failed="0" skipped="0">
  <reporter-output>
  </reporter-output>
  <suite started-at="2023-09-01T23:37:43 IST" name="Default suite" finished-at="2023-09-01T23:37:57 IST" duration-ms="13998">
    <groups>
    </groups>
    <test started-at="2023-09-01T23:37:43 IST" name="Default test" finished-at="2023-09-01T23:37:57 IST" duration-ms="13998">
      <class name="tests.NewTest01">
        <test-method signature="webpageopen()[pri:0, instance:tests.NewTest01@74235045]" started-at="2023-09-01T23:37:43 IST" name="webpageopen" finished-at="2023-09-01T23:37:57 IST" duration-ms="13933" status="PASS">
          <reporter-output>
          </reporter-output>
        </test-method> <!-- webpageopen -->
      </class> <!-- tests.NewTest01 -->
    </test> <!-- Default test -->
  </suite> <!-- Default suite -->
</testng-results>
